<?xml version="1.0" encoding="UTF-8"?>
<!-- Generated by org.testng.reporters.JUnitReportReporter -->
<testsuite hostname="Sreenivas-Lukka" failures="0" tests="3" name="crossbrowser.CrossBrowser" time="0.107" errors="0" timestamp="2025-05-07T09:42:26 IST" skipped="0">
  <testcase classname="crossbrowser.CrossBrowser" name="testLogo" time="0.042"/>
  <testcase classname="crossbrowser.CrossBrowser" name="testTitle" time="0.018"/>
  <testcase classname="crossbrowser.CrossBrowser" name="testURL" time="0.047"/>
</testsuite> <!-- crossbrowser.CrossBrowser -->
