<?xml version="1.0" encoding="UTF-8"?>
<!-- Generated by org.testng.reporters.JUnitReportReporter -->
<testsuite hostname="Sreenivas-Lukka" failures="0" tests="2" name="grouping.PaymentTests" time="0.009" errors="0" timestamp="2025-05-05T17:51:38 IST" skipped="0">
  <testcase classname="grouping.PaymentTests" name="paymentinRupees" time="0.009"/>
  <testcase classname="grouping.PaymentTests" name="paymentinDollars" time="0.000"/>
</testsuite> <!-- grouping.PaymentTests -->
