<?xml version="1.0" encoding="UTF-8"?>
<!-- Generated by org.testng.reporters.JUnitReportReporter -->
<testsuite hostname="Sreenivas-Lukka" failures="0" tests="3" name="grouping.SignupTests" time="0.008" errors="0" timestamp="2025-05-05T17:50:37 IST" skipped="0">
  <testcase classname="grouping.SignupTests" name="signupbyemail" time="0.006"/>
  <testcase classname="grouping.SignupTests" name="signupbyfacebook" time="0.001"/>
  <testcase classname="grouping.SignupTests" name="signupbytwitter" time="0.001"/>
</testsuite> <!-- grouping.SignupTests -->
