<?xml version="1.0" encoding="UTF-8"?>
<!-- Generated by org.testng.reporters.JUnitReportReporter -->
<testsuite hostname="Sreenivas-Lukka" failures="0" tests="2" name="waits.FirstTestCase1" time="0.005" errors="0" timestamp="2025-05-05T08:46:46 IST" skipped="0">
  <testcase classname="waits.FirstTestCase1" name="testCase2" time="0.002"/>
  <testcase classname="waits.FirstTestCase1" name="testCase1" time="0.003"/>
</testsuite> <!-- waits.FirstTestCase1 -->
