<?xml version="1.0" encoding="UTF-8"?>
<!-- Generated by org.testng.reporters.JUnitReportReporter -->
<testsuite hostname="Sreenivas-Lukka" failures="0" tests="3" name="alerts.TestNgEx" time="0.009" errors="0" timestamp="2025-04-30T08:31:10 IST" skipped="0">
  <testcase classname="alerts.TestNgEx" name="login" time="0.007"/>
  <testcase classname="alerts.TestNgEx" name="openapp" time="0.001"/>
  <testcase classname="alerts.TestNgEx" name="logout" time="0.001"/>
</testsuite> <!-- alerts.TestNgEx -->
