<?xml version="1.0" encoding="UTF-8"?>
<!-- Generated by org.testng.reporters.JUnitReportReporter -->
<testsuite hostname="Sreenivas-Lukka" failures="0" tests="9" name="crossbrowser.CrossBrowserTest" time="0.172" errors="0" timestamp="2025-05-07T10:23:01 IST" skipped="0">
  <testcase classname="crossbrowser.CrossBrowserTest" name="testLogo" time="0.053"/>
  <testcase classname="crossbrowser.CrossBrowserTest" name="testLogo" time="0.036"/>
  <testcase classname="crossbrowser.CrossBrowserTest" name="testLogo" time="0.029"/>
  <testcase classname="crossbrowser.CrossBrowserTest" name="testTitle" time="0.007"/>
  <testcase classname="crossbrowser.CrossBrowserTest" name="testTitle" time="0.004"/>
  <testcase classname="crossbrowser.CrossBrowserTest" name="testTitle" time="0.012"/>
  <testcase classname="crossbrowser.CrossBrowserTest" name="testURL" time="0.011"/>
  <testcase classname="crossbrowser.CrossBrowserTest" name="testURL" time="0.015"/>
  <testcase classname="crossbrowser.CrossBrowserTest" name="testURL" time="0.005"/>
</testsuite> <!-- crossbrowser.CrossBrowserTest -->
