<?xml version="1.0" encoding="UTF-8"?>
<!-- Generated by org.testng.reporters.JUnitReportReporter -->
<testsuite hostname="Sreenivas-Lukka" failures="0" tests="1" name="pom.LoginTest" time="0.541" errors="0" timestamp="2025-05-09T10:39:22 IST" skipped="0">
  <testcase classname="pom.LoginTest" name="testLogin" time="0.541"/>
</testsuite> <!-- pom.LoginTest -->
