<?xml version="1.0" encoding="UTF-8"?>
<!-- Generated by org.testng.reporters.JUnitReportReporter -->
<testsuite hostname="Sreenivas-Lukka" failures="0" tests="3" name="grouping.LoginTests" time="0.009" errors="0" timestamp="2025-05-05T17:49:34 IST" skipped="0">
  <testcase classname="grouping.LoginTests" name="loginByEmail" time="0.006"/>
  <testcase classname="grouping.LoginTests" name="loginByFacebook" time="0.000"/>
  <testcase classname="grouping.LoginTests" name="loginBytwitter" time="0.003"/>
</testsuite> <!-- grouping.LoginTests -->
