<?xml version="1.0" encoding="UTF-8"?>
<!-- Generated by org.testng.reporters.JUnitReportReporter -->
<testsuite hostname="Sreenivas-Lukka" failures="0" tests="1" name="testng.AnnoEx3" time="0.004" errors="0" timestamp="2025-05-05T10:10:46 IST" skipped="0">
  <testcase classname="testng.AnnoEx3" name="testCase1" time="0.004"/>
</testsuite> <!-- testng.AnnoEx3 -->
