<?xml version="1.0" encoding="UTF-8"?>
<!-- Generated by org.testng.reporters.JUnitReportReporter -->
<testsuite hostname="Sreenivas-Lukka" failures="0" tests="4" name="testng.OrangeHrms" time="7.890" errors="0" timestamp="2025-05-05T09:59:20 IST" skipped="0">
  <testcase classname="testng.OrangeHrms" name="openapp" time="4.484"/>
  <testcase classname="testng.OrangeHrms" name="testLogo" time="3.048"/>
  <testcase classname="testng.OrangeHrms" name="testLogin" time="0.193"/>
  <testcase classname="testng.OrangeHrms" name="closeApp" time="0.165"/>
</testsuite> <!-- testng.OrangeHrms -->
