<?xml version="1.0" encoding="UTF-8"?>
<!-- Generated by org.testng.reporters.JUnitReportReporter -->
<testsuite hostname="Sreenivas-Lukka" failures="0" tests="3" name="testng.FirstTestCase" time="0.006" errors="0" timestamp="2025-05-05T09:42:30 IST" skipped="0">
  <testcase classname="testng.FirstTestCase" name="logout" time="0.001"/>
  <testcase classname="testng.FirstTestCase" name="login" time="0.002"/>
  <testcase classname="testng.FirstTestCase" name="openapp" time="0.003"/>
</testsuite> <!-- testng.FirstTestCase -->
