<?xml version="1.0" encoding="UTF-8"?>
<!-- Generated by org.testng.reporters.JUnitReportReporter -->
<testsuite hostname="Sreenivas-Lukka" failures="0" tests="2" name="testng.AnnotatinsEx1" time="0.007" errors="0" timestamp="2025-05-05T10:06:00 IST" skipped="0">
  <testcase classname="testng.AnnotatinsEx1" name="search" time="0.005"/>
  <testcase classname="testng.AnnotatinsEx1" name="advacedsearch" time="0.002"/>
</testsuite> <!-- testng.AnnotatinsEx1 -->
